Performing system checks...

System check identified no issues (0 silenced).
May 15, 2019 - 20:16:39
Django version 1.11.20, using settings 'scode.settings'
Starting development server at http://localhost:8000/
Quit the server with CONTROL-C.
Performing system checks...

System check identified no issues (0 silenced).
May 15, 2019 - 21:07:17
Django version 1.11.20, using settings 'scode.settings'
Starting development server at http://localhost:8000/
Quit the server with CONTROL-C.
Performing system checks...

Performing system checks...

Performing system checks...

Performing system checks...

Performing system checks...

System check identified no issues (0 silenced).
May 17, 2019 - 14:47:49
Django version 1.11.20, using settings 'scode.settings'
Starting development server at http://localhost:8000/
Quit the server with CONTROL-C.
Performing system checks...

